-------------------------------------------------------------------------------
Test set: TestSuite
-------------------------------------------------------------------------------
Tests run: 1, Failures: 1, Errors: 0, Skipped: 0, Time elapsed: 15.153 s <<< FAILURE! - in TestSuite
runScenario(com.crowdar.bdd.cukes.TestNGSecuencialRunner)  Time elapsed: 13.58 s  <<< FAILURE!
java.lang.RuntimeException: Locator property format is invalid. Example: css:#loginButton

